2.0288 	WARNING 	We strongly recommend you activate the PTB sound engine in PsychoPy prefs as the preferred audio engine. Its timing is vastly superior. Your prefs are currently set to use ['sounddevice', 'PTB', 'pyo', 'pygame'] (in that order).
4.8908 	WARNING 	User requested fullscreen with size [1536  864], but screen is actually [1920, 1080]. Using actual size
6.5802 	EXP 	Created window1 = Window(allowGUI=True, allowStencil=False, autoLog=True, backendConf=UNKNOWN, bitsMode=UNKNOWN, blendMode='avg', bpc=(8, 8, 8), color=array([0, 0, 0]), colorSpace='rgb', depthBits=8, fullscr=<method-wrapper '__getattribute__' of attributeSetter object at 0x00000279F114C040>, gamma=None, gammaErrorPolicy='raise', lms=UNKNOWN, monitor=<psychopy.monitors.calibTools.Monitor object at 0x00000279F4D04A30>, multiSample=False, name='window1', numSamples=2, pos=(0, 0), screen=0, size=array([1920, 1080]), stencilBits=0, stereo=False, units='height', useFBO=True, useRetina=False, viewOri=0.0, viewPos=None, viewScale=None, waitBlanking=True, winType='pyglet')
6.5803 	EXP 	window1: mouseVisible = True
6.5803 	EXP 	window1: mouseVisible = False
6.5803 	EXP 	window1: Attempting to measure frame rate of screen (0) ...
6.5804 	EXP 	window1: recordFrameIntervals = False
6.7458 	EXP 	window1: recordFrameIntervals = True
6.9305 	EXP 	Screen (0) actual frame rate measured at 59.75Hz
6.9307 	EXP 	window1: recordFrameIntervals = False
9.3323 	EXP 	Created start_text_1 = TextStim(__class__=<class 'psychopy.visual.text.TextStim'>, alignHoriz=method-wrapper(...), alignText='center', alignVert=method-wrapper(...), anchorHoriz='center', anchorVert='center', antialias=True, autoDraw=False, autoLog=True, bold=False, color=array([1, 1, 1]), colorSpace='rgb', contrast=1.0, depth=0.0, flipHoriz=False, flipVert=False, font='Open Sans', fontFiles=[], height=0.035, italic=False, languageStyle='RTL', name='start_text_1', opacity=1.0, ori=0.0, pos=array([0.  , 0.25]), rgb=UNKNOWN, text=str(...), units='height', win=Window(...), wrapWidth=1)
9.3369 	EXP 	Created start_text_2 = TextStim(__class__=<class 'psychopy.visual.text.TextStim'>, alignHoriz=method-wrapper(...), alignText='center', alignVert=method-wrapper(...), anchorHoriz='center', anchorVert='center', antialias=True, autoDraw=False, autoLog=True, bold=False, color=array([1, 1, 1]), colorSpace='rgb', contrast=1.0, depth=-1.0, flipHoriz=False, flipVert=False, font='Open Sans', fontFiles=[], height=0.035, italic=False, languageStyle='RTL', name='start_text_2', opacity=1.0, ori=0.0, pos=array([ 0.  , -0.25]), rgb=UNKNOWN, text='.ליחתהל ליבשב חוורה שקמ לע יצחל', units='height', win=Window(...), wrapWidth=1)
9.3410 	EXP 	window1: mouseVisible = True
9.5282 	EXP 	Created example_slider = Slider(__class__=<class 'psychopy.visual.slider.Slider'>, autoDraw=False, autoLog=True, borderColor=None, color=None, colorSpace='rgb', depth=-2, fillColor=None, flip=False, font='Open Sans', granularity=1.0, labelColor=None, labelHeight=0.05, labelWrapWidth=None, labels=(1, 2, 3, 4, 5, 6, 7), lineColor=None, markerColor=None, name='example_slider', opacity=None, ori=0.0, pos=array([0., 0.]), readOnly=False, self=UNKNOWN, size=array([1.  , 0.04]), startValue=4, style='radio', styleTweaks=[], ticks=array([1, 2, 3, 4, 5, 6, 7]), units='height', win=Window(...))
9.5416 	EXP 	Created fixation_point = TextStim(__class__=<class 'psychopy.visual.text.TextStim'>, alignHoriz=method-wrapper(...), alignText='center', alignVert=method-wrapper(...), anchorHoriz='center', anchorVert='center', antialias=True, autoDraw=False, autoLog=True, bold=False, color=array([1, 1, 1]), colorSpace='rgb', contrast=1.0, depth=0.0, flipHoriz=False, flipVert=False, font='Open Sans', fontFiles=[], height=0.14, italic=False, languageStyle='LTR', name='fixation_point', opacity=1.0, ori=0.0, pos=array([0., 0.]), rgb=UNKNOWN, text='+', units='height', win=Window(...), wrapWidth=1)
9.5433 	EXP 	Created image = ImageStim(__class__=<class 'psychopy.visual.image.ImageStim'>, anchor=('center', 'center'), autoLog=True, color=array([1, 1, 1]), colorSpace='rgb', contrast=1.0, depth=0.0, flipHoriz=False, flipVert=False, image=None, interpolate=True, mask=None, maskParams=None, name='image', opacity=1.0, ori=0.0, pos=array([0., 0.]), size=array([0.8, 0.6]), texRes=128.0, units='height', win=Window(...))
9.5676 	EXP 	Created rating_text = TextStim(__class__=<class 'psychopy.visual.text.TextStim'>, alignHoriz=method-wrapper(...), alignText='center', alignVert=method-wrapper(...), anchorHoriz='center', anchorVert='center', antialias=True, autoDraw=False, autoLog=True, bold=False, color=array([1, 1, 1]), colorSpace='rgb', contrast=1.0, depth=0.0, flipHoriz=False, flipVert=False, font='Open Sans', fontFiles=[], height=0.04, italic=False, languageStyle='RTL', name='rating_text', opacity=1.0, ori=0.0, pos=array([0.  , 0.35]), rgb=UNKNOWN, text=str(...), units='height', win=Window(...), wrapWidth=1)
9.5743 	EXP 	Created warning_text = TextStim(__class__=<class 'psychopy.visual.text.TextStim'>, alignHoriz=method-wrapper(...), alignText='center', alignVert=method-wrapper(...), anchorHoriz='center', anchorVert='center', antialias=True, autoDraw=False, autoLog=True, bold=False, color=array([ 1, -1, -1]), colorSpace='rgb', contrast=1.0, depth=-1.0, flipHoriz=False, flipVert=False, font='Open Sans', fontFiles=[], height=0.04, italic=False, languageStyle='RTL', name='warning_text', opacity=1.0, ori=0.0, pos=array([0. , 0.2]), rgb=UNKNOWN, text='גוריד ירחב אנא', units='height', win=Window(...), wrapWidth=1)
9.5759 	EXP 	window1: mouseVisible = True
9.7300 	EXP 	Created rating_slider = Slider(__class__=<class 'psychopy.visual.slider.Slider'>, autoDraw=False, autoLog=True, borderColor=None, color=None, colorSpace='rgb', depth=-2, fillColor=None, flip=False, font='Open Sans', granularity=1.0, labelColor=None, labelHeight=0.05, labelWrapWidth=None, labels=(1, 2, 3, 4, 5, 6, 7), lineColor=None, markerColor=None, name='rating_slider', opacity=None, ori=0.0, pos=array([0., 0.]), readOnly=False, self=UNKNOWN, size=array([1.  , 0.04]), startValue=None, style='radio', styleTweaks=[], ticks=array([1, 2, 3, 4, 5, 6, 7]), units='height', win=Window(...))
9.7580 	EXP 	window1: mouseVisible = True
9.7784 	EXP 	Created finish_text = TextStim(__class__=<class 'psychopy.visual.text.TextStim'>, alignHoriz=method-wrapper(...), alignText='center', alignVert=method-wrapper(...), anchorHoriz='center', anchorVert='center', antialias=True, autoDraw=False, autoLog=True, bold=False, color=array([1, 1, 1]), colorSpace='rgb', contrast=1.0, depth=0.0, flipHoriz=False, flipVert=False, font='Open Sans', fontFiles=[], height=0.05, italic=False, languageStyle='RTL', name='finish_text', opacity=1.0, ori=0.0, pos=array([0., 0.]), rgb=UNKNOWN, text='!תופתתשהה לע הבר הדות', units='height', win=Window(...), wrapWidth=1)
9.8312 	EXP 	example_slider: autoLog = True
9.8312 	EXP 	example_slider: markerPos = 4
9.8312 	EXP 	example_slider: styleTweaks = []
9.8312 	EXP 	example_slider: styleTweaks = []
9.8312 	EXP 	example_slider: styleTweaks = []
9.8312 	EXP 	example_slider: styleTweaks = []
9.8312 	EXP 	example_slider: contrast = 1.0
9.8312 	EXP 	example_slider: autoLog = True
9.8312 	EXP 	rating_slider: autoLog = True
9.8312 	EXP 	rating_slider: markerPos = None
9.8312 	EXP 	rating_slider: styleTweaks = []
9.8312 	EXP 	rating_slider: styleTweaks = []
9.8312 	EXP 	rating_slider: styleTweaks = []
9.8312 	EXP 	rating_slider: styleTweaks = []
9.8312 	EXP 	rating_slider: contrast = 1.0
9.8312 	EXP 	rating_slider: autoLog = True
9.8312 	EXP 	example_slider: markerPos = None
9.8312 	EXP 	example_slider: markerPos = 4
9.8312 	EXP 	start_text_1: autoDraw = True
9.8312 	EXP 	start_text_2: autoDraw = True
9.8312 	EXP 	example_slider: autoDraw = True
10.6771 	DATA 	Mouse: Left button down, pos=(1154,282)
10.7966 	DATA 	Mouse:  Left button up, pos=(1154,282)
11.2802 	EXP 	Created sequence: random, trialTypes=1, nReps=18, seed=None
11.2803 	EXP 	New trial (rep=0, index=0): None
11.3901 	DATA 	Keypress: space
11.3902 	DATA 	Keypress: 3
11.3924 	EXP 	start_text_1: autoDraw = False
11.3924 	EXP 	start_text_2: autoDraw = False
11.3924 	EXP 	example_slider: autoDraw = False
11.3924 	EXP 	fixation_point: autoDraw = True
13.3911 	EXP 	Created sequence: random, trialTypes=1, nReps=5, seed=None
13.3915 	EXP 	New trial (rep=0, index=0): None
13.4416 	EXP 	fixation_point: autoDraw = False
13.4416 	EXP 	image: image = 'images/Phone_off_14.jpg'
13.4416 	EXP 	image: autoDraw = True
17.4045 	EXP 	New trial (rep=1, index=0): None
17.4266 	EXP 	image: autoDraw = False
17.4266 	EXP 	image: image = 'images/Phone_off_7.jpg'
17.4266 	EXP 	image: autoDraw = True
21.4019 	EXP 	New trial (rep=2, index=0): None
21.4341 	EXP 	image: autoDraw = False
21.4341 	EXP 	image: image = 'images/Phone_off_15.jpg'
21.4341 	EXP 	image: autoDraw = True
25.3977 	EXP 	New trial (rep=3, index=0): None
25.4282 	EXP 	image: autoDraw = False
25.4282 	EXP 	image: image = 'images/Phone_off_22.jpg'
25.4282 	EXP 	image: autoDraw = True
29.3934 	EXP 	New trial (rep=4, index=0): None
29.4167 	EXP 	image: autoDraw = False
29.4167 	EXP 	image: image = 'images/Phone_off_10.jpg'
29.4167 	EXP 	image: autoDraw = True
33.4088 	EXP 	image: autoDraw = False
33.4088 	EXP 	rating_slider: markerPos = None
33.4088 	EXP 	rating_slider: markerPos = None
33.4088 	EXP 	rating_text: autoDraw = True
33.4088 	EXP 	rating_slider: autoDraw = True
33.8163 	DATA 	Mouse: Left button down, pos=(1412,510)
33.9393 	DATA 	Mouse:  Left button up, pos=(1412,510)
34.1461 	DATA 	Mouse: Left button down, pos=(1369,526)
34.1584 	EXP 	rating_slider: markerPos = 6.272222222222222
34.1724 	EXP 	rating_slider: markerPos = 6.272222222222222
34.1888 	EXP 	rating_slider: markerPos = 6.266666666666667
34.2054 	EXP 	rating_slider: markerPos = 6.266666666666667
34.2221 	EXP 	rating_slider: markerPos = 6.261111111111111
34.2387 	EXP 	rating_slider: markerPos = 6.261111111111111
34.2526 	DATA 	Mouse:  Left button up, pos=(1366,528)
34.2551 	EXP 	rating_slider: markerPos = 6.255555555555556
34.2720 	EXP 	rating_slider: markerPos = 6.0
34.8686 	DATA 	Mouse: Left button down, pos=(950,236)
34.9782 	EXP 	New trial (rep=1, index=0): None
35.0867 	DATA 	Keypress: 3
35.0870 	DATA 	Mouse:  Left button up, pos=(950,236)
35.0871 	DATA 	Keypress: 3
35.0883 	EXP 	rating_text: autoDraw = False
35.0883 	EXP 	warning_text: autoDraw = False
35.0883 	EXP 	rating_slider: autoDraw = False
35.0883 	EXP 	fixation_point: autoDraw = True
35.6724 	DATA 	Keypress: escape
36.3151 	EXP 	window1: mouseVisible = True
