2.1829 	WARNING 	We strongly recommend you activate the PTB sound engine in PsychoPy prefs as the preferred audio engine. Its timing is vastly superior. Your prefs are currently set to use ['sounddevice', 'PTB', 'pyo', 'pygame'] (in that order).
5.9598 	WARNING 	User requested fullscreen with size [1536  864], but screen is actually [1920, 1080]. Using actual size
7.6437 	EXP 	Created window1 = Window(allowGUI=True, allowStencil=False, autoLog=True, backendConf=UNKNOWN, bitsMode=UNKNOWN, blendMode='avg', bpc=(8, 8, 8), color=array([0, 0, 0]), colorSpace='rgb', depthBits=8, fullscr=<method-wrapper '__getattribute__' of attributeSetter object at 0x000001A62EBAC070>, gamma=None, gammaErrorPolicy='raise', lms=UNKNOWN, monitor=<psychopy.monitors.calibTools.Monitor object at 0x000001A6326E98B0>, multiSample=False, name='window1', numSamples=2, pos=(0, 0), screen=0, size=array([1920, 1080]), stencilBits=0, stereo=False, units='height', useFBO=True, useRetina=False, viewOri=0.0, viewPos=None, viewScale=None, waitBlanking=True, winType='pyglet')
7.6438 	EXP 	window1: mouseVisible = True
7.6439 	EXP 	window1: mouseVisible = False
7.6439 	EXP 	window1: Attempting to measure frame rate of screen (0) ...
7.6440 	EXP 	window1: recordFrameIntervals = False
7.8098 	EXP 	window1: recordFrameIntervals = True
7.9932 	EXP 	Screen (0) actual frame rate measured at 59.96Hz
7.9933 	EXP 	window1: recordFrameIntervals = False
10.0775 	EXP 	Created start_text_1 = TextStim(__class__=<class 'psychopy.visual.text.TextStim'>, alignHoriz=method-wrapper(...), alignText='center', alignVert=method-wrapper(...), anchorHoriz='center', anchorVert='center', antialias=True, autoDraw=False, autoLog=True, bold=False, color=array([1, 1, 1]), colorSpace='rgb', contrast=1.0, depth=0.0, flipHoriz=False, flipVert=False, font='Open Sans', fontFiles=[], height=0.035, italic=False, languageStyle='RTL', name='start_text_1', opacity=1.0, ori=0.0, pos=array([0.  , 0.25]), rgb=UNKNOWN, text=str(...), units='height', win=Window(...), wrapWidth=1)
10.0801 	EXP 	Created start_text_2 = TextStim(__class__=<class 'psychopy.visual.text.TextStim'>, alignHoriz=method-wrapper(...), alignText='center', alignVert=method-wrapper(...), anchorHoriz='center', anchorVert='center', antialias=True, autoDraw=False, autoLog=True, bold=False, color=array([1, 1, 1]), colorSpace='rgb', contrast=1.0, depth=-1.0, flipHoriz=False, flipVert=False, font='Open Sans', fontFiles=[], height=0.035, italic=False, languageStyle='RTL', name='start_text_2', opacity=1.0, ori=0.0, pos=array([ 0.  , -0.25]), rgb=UNKNOWN, text='.ליחתהל ליבשב חוורה שקמ לע יצחל', units='height', win=Window(...), wrapWidth=1)
10.0841 	EXP 	window1: mouseVisible = True
10.2875 	EXP 	Created example_slider = Slider(__class__=<class 'psychopy.visual.slider.Slider'>, autoDraw=False, autoLog=True, borderColor=None, color=None, colorSpace='rgb', depth=-2, fillColor=None, flip=False, font='Open Sans', granularity=1.0, labelColor=None, labelHeight=0.05, labelWrapWidth=None, labels=(1, 2, 3, 4, 5, 6, 7), lineColor=None, markerColor=None, name='example_slider', opacity=None, ori=0.0, pos=array([0., 0.]), readOnly=False, self=UNKNOWN, size=array([1.  , 0.04]), startValue=4, style='radio', styleTweaks=[], ticks=array([1, 2, 3, 4, 5, 6, 7]), units='height', win=Window(...))
10.3000 	EXP 	Created fixation_point = TextStim(__class__=<class 'psychopy.visual.text.TextStim'>, alignHoriz=method-wrapper(...), alignText='center', alignVert=method-wrapper(...), anchorHoriz='center', anchorVert='center', antialias=True, autoDraw=False, autoLog=True, bold=False, color=array([1, 1, 1]), colorSpace='rgb', contrast=1.0, depth=0.0, flipHoriz=False, flipVert=False, font='Open Sans', fontFiles=[], height=0.14, italic=False, languageStyle='LTR', name='fixation_point', opacity=1.0, ori=0.0, pos=array([0., 0.]), rgb=UNKNOWN, text='+', units='height', win=Window(...), wrapWidth=1)
10.3013 	EXP 	Created image = ImageStim(__class__=<class 'psychopy.visual.image.ImageStim'>, anchor=('center', 'center'), autoLog=True, color=array([1, 1, 1]), colorSpace='rgb', contrast=1.0, depth=0.0, flipHoriz=False, flipVert=False, image=None, interpolate=True, mask=None, maskParams=None, name='image', opacity=1.0, ori=0.0, pos=array([0., 0.]), size=array([0.8, 0.6]), texRes=128.0, units='height', win=Window(...))
10.3171 	EXP 	Created rating_text = TextStim(__class__=<class 'psychopy.visual.text.TextStim'>, alignHoriz=method-wrapper(...), alignText='center', alignVert=method-wrapper(...), anchorHoriz='center', anchorVert='center', antialias=True, autoDraw=False, autoLog=True, bold=False, color=array([1, 1, 1]), colorSpace='rgb', contrast=1.0, depth=0.0, flipHoriz=False, flipVert=False, font='Open Sans', fontFiles=[], height=0.04, italic=False, languageStyle='RTL', name='rating_text', opacity=1.0, ori=0.0, pos=array([0.  , 0.35]), rgb=UNKNOWN, text=str(...), units='height', win=Window(...), wrapWidth=1)
10.3206 	EXP 	Created warning_text = TextStim(__class__=<class 'psychopy.visual.text.TextStim'>, alignHoriz=method-wrapper(...), alignText='center', alignVert=method-wrapper(...), anchorHoriz='center', anchorVert='center', antialias=True, autoDraw=False, autoLog=True, bold=False, color=array([ 1, -1, -1]), colorSpace='rgb', contrast=1.0, depth=-1.0, flipHoriz=False, flipVert=False, font='Open Sans', fontFiles=[], height=0.04, italic=False, languageStyle='RTL', name='warning_text', opacity=1.0, ori=0.0, pos=array([0. , 0.2]), rgb=UNKNOWN, text='גוריד ירחב אנא', units='height', win=Window(...), wrapWidth=1)
10.3218 	EXP 	window1: mouseVisible = True
10.4850 	EXP 	Created rating_slider = Slider(__class__=<class 'psychopy.visual.slider.Slider'>, autoDraw=False, autoLog=True, borderColor=None, color=None, colorSpace='rgb', depth=-2, fillColor=None, flip=False, font='Open Sans', granularity=1.0, labelColor=None, labelHeight=0.05, labelWrapWidth=None, labels=(1, 2, 3, 4, 5, 6, 7), lineColor=None, markerColor=None, name='rating_slider', opacity=None, ori=0.0, pos=array([0., 0.]), readOnly=False, self=UNKNOWN, size=array([1.  , 0.04]), startValue=None, style='radio', styleTweaks=[], ticks=array([1, 2, 3, 4, 5, 6, 7]), units='height', win=Window(...))
10.5112 	EXP 	window1: mouseVisible = True
10.5232 	EXP 	Created finish_text = TextStim(__class__=<class 'psychopy.visual.text.TextStim'>, alignHoriz=method-wrapper(...), alignText='center', alignVert=method-wrapper(...), anchorHoriz='center', anchorVert='center', antialias=True, autoDraw=False, autoLog=True, bold=False, color=array([1, 1, 1]), colorSpace='rgb', contrast=1.0, depth=0.0, flipHoriz=False, flipVert=False, font='Open Sans', fontFiles=[], height=0.05, italic=False, languageStyle='RTL', name='finish_text', opacity=1.0, ori=0.0, pos=array([0., 0.]), rgb=UNKNOWN, text='!תופתתשהה לע הבר הדות', units='height', win=Window(...), wrapWidth=1)
10.5735 	EXP 	example_slider: autoLog = True
10.5735 	EXP 	example_slider: markerPos = 4
10.5735 	EXP 	example_slider: styleTweaks = []
10.5735 	EXP 	example_slider: styleTweaks = []
10.5735 	EXP 	example_slider: styleTweaks = []
10.5735 	EXP 	example_slider: styleTweaks = []
10.5735 	EXP 	example_slider: contrast = 1.0
10.5735 	EXP 	example_slider: autoLog = True
10.5735 	EXP 	rating_slider: autoLog = True
10.5735 	EXP 	rating_slider: markerPos = None
10.5735 	EXP 	rating_slider: styleTweaks = []
10.5735 	EXP 	rating_slider: styleTweaks = []
10.5735 	EXP 	rating_slider: styleTweaks = []
10.5735 	EXP 	rating_slider: styleTweaks = []
10.5735 	EXP 	rating_slider: contrast = 1.0
10.5735 	EXP 	rating_slider: autoLog = True
10.5735 	EXP 	example_slider: markerPos = None
10.5735 	EXP 	example_slider: markerPos = 4
10.5735 	EXP 	start_text_1: autoDraw = True
10.5735 	EXP 	start_text_2: autoDraw = True
10.5735 	EXP 	example_slider: autoDraw = True
11.4416 	DATA 	Mouse: Left button down, pos=(1046,359)
11.5578 	DATA 	Mouse:  Left button up, pos=(1046,358)
11.9319 	DATA 	Keypress: space
11.9434 	EXP 	Created sequence: random, trialTypes=1, nReps=18, seed=None
11.9436 	EXP 	New trial (rep=0, index=0): None
12.0511 	DATA 	Keypress: 2
12.0592 	EXP 	start_text_1: autoDraw = False
12.0592 	EXP 	start_text_2: autoDraw = False
12.0592 	EXP 	example_slider: autoDraw = False
12.0592 	EXP 	fixation_point: autoDraw = True
12.4560 	DATA 	Keypress: escape
13.0665 	EXP 	window1: mouseVisible = True
